C:\Program Files (x86)\MSBuild\Microsoft.Cpp\v4.0\V140\Microsoft.CppBuild.targets(936,5): warning MSB8027: Two or more files with the name of main.cpp will produce outputs to the same location. This can lead to an incorrect build result.  The files involved are ..\..\main.cpp, ..\..\SFML (1)\SFML\SFML\main.cpp.
  main.cpp
c:\users\bab\documents\visual studio 2015\projects\main.cpp(2): fatal error C1083: Cannot open include file: 'SFML/Graphics.hpp': No such file or directory
  main.cpp
c:\users\bab\documents\visual studio 2015\projects\sfml (1)\sfml\sfml\main.cpp(1): fatal error C1083: Cannot open include file: 'SFML/Graphics.hpp': No such file or directory
  Minesweeper.cpp
c:\users\bab\documents\visual studio 2015\projects\minesweeper.h(12): error C2039: 'vector': is not a member of 'std'
  c:\users\bab\documents\visual studio 2015\projects\oving_9\oving_9\predefined c++ types (compiler internal)(208): note: see declaration of 'std'
c:\users\bab\documents\visual studio 2015\projects\minesweeper.h(12): error C2143: syntax error: missing ';' before '<'
c:\users\bab\documents\visual studio 2015\projects\minesweeper.h(12): error C4430: missing type specifier - int assumed. Note: C++ does not support default-int
c:\users\bab\documents\visual studio 2015\projects\minesweeper.h(12): error C2238: unexpected token(s) preceding ';'
c:\users\bab\documents\visual studio 2015\projects\minesweeper.cpp(16): error C2039: 'board': is not a member of 'Minesweeper'
  c:\users\bab\documents\visual studio 2015\projects\minesweeper.h(5): note: see declaration of 'Minesweeper'
c:\users\bab\documents\visual studio 2015\projects\minesweeper.cpp(16): error C2228: left of '.push_back' must have class/struct/union
c:\users\bab\documents\visual studio 2015\projects\minesweeper.cpp(20): error C2039: 'board': is not a member of 'Minesweeper'
  c:\users\bab\documents\visual studio 2015\projects\minesweeper.h(5): note: see declaration of 'Minesweeper'
c:\users\bab\documents\visual studio 2015\projects\minesweeper.cpp(20): error C2228: left of '.push_back' must have class/struct/union
c:\users\bab\documents\visual studio 2015\projects\minesweeper.cpp(28): error C2039: 'board': is not a member of 'Minesweeper'
  c:\users\bab\documents\visual studio 2015\projects\minesweeper.h(5): note: see declaration of 'Minesweeper'
c:\users\bab\documents\visual studio 2015\projects\minesweeper.cpp(28): error C2228: left of '.mine' must have class/struct/union
c:\users\bab\documents\visual studio 2015\projects\minesweeper.cpp(29): error C2039: 'board': is not a member of 'Minesweeper'
  c:\users\bab\documents\visual studio 2015\projects\minesweeper.h(5): note: see declaration of 'Minesweeper'
c:\users\bab\documents\visual studio 2015\projects\minesweeper.cpp(29): error C2228: left of '.mine' must have class/struct/union
c:\users\bab\documents\visual studio 2015\projects\minesweeper.cpp(36): error C2039: 'board': is not a member of 'Minesweeper'
  c:\users\bab\documents\visual studio 2015\projects\minesweeper.h(5): note: see declaration of 'Minesweeper'
c:\users\bab\documents\visual studio 2015\projects\minesweeper.cpp(36): error C2228: left of '.erase' must have class/struct/union
c:\users\bab\documents\visual studio 2015\projects\minesweeper.cpp(36): error C2065: 'board': undeclared identifier
c:\users\bab\documents\visual studio 2015\projects\minesweeper.cpp(36): error C2228: left of '.begin' must have class/struct/union
  c:\users\bab\documents\visual studio 2015\projects\minesweeper.cpp(36): note: type is 'unknown-type'
c:\users\bab\documents\visual studio 2015\projects\minesweeper.cpp(36): error C2228: left of '.end' must have class/struct/union
  c:\users\bab\documents\visual studio 2015\projects\minesweeper.cpp(36): note: type is 'unknown-type'
c:\users\bab\documents\visual studio 2015\projects\minesweeper.cpp(44): error C2065: 'board': undeclared identifier
c:\users\bab\documents\visual studio 2015\projects\minesweeper.cpp(44): error C2228: left of '.open' must have class/struct/union
c:\users\bab\documents\visual studio 2015\projects\minesweeper.cpp(48): error C2065: 'board': undeclared identifier
c:\users\bab\documents\visual studio 2015\projects\minesweeper.cpp(48): error C2228: left of '.mine' must have class/struct/union
c:\users\bab\documents\visual studio 2015\projects\minesweeper.cpp(52): error C2039: 'board': is not a member of 'Minesweeper'
  c:\users\bab\documents\visual studio 2015\projects\minesweeper.h(5): note: see declaration of 'Minesweeper'
c:\users\bab\documents\visual studio 2015\projects\minesweeper.cpp(52): error C2228: left of '.open' must have class/struct/union
c:\users\bab\documents\visual studio 2015\projects\minesweeper.cpp(53): error C2065: 'board': undeclared identifier
c:\users\bab\documents\visual studio 2015\projects\minesweeper.cpp(53): error C2228: left of '.mine' must have class/struct/union
c:\users\bab\documents\visual studio 2015\projects\minesweeper.cpp(63): error C2065: 'board': undeclared identifier
c:\users\bab\documents\visual studio 2015\projects\minesweeper.cpp(63): error C2228: left of '.mine' must have class/struct/union
c:\users\bab\documents\visual studio 2015\projects\minesweeper.cpp(66): error C2065: 'board': undeclared identifier
c:\users\bab\documents\visual studio 2015\projects\minesweeper.cpp(66): error C2228: left of '.mine' must have class/struct/union
c:\users\bab\documents\visual studio 2015\projects\minesweeper.cpp(69): error C2065: 'board': undeclared identifier
c:\users\bab\documents\visual studio 2015\projects\minesweeper.cpp(69): error C2228: left of '.mine' must have class/struct/union
c:\users\bab\documents\visual studio 2015\projects\minesweeper.cpp(72): error C2065: 'board': undeclared identifier
c:\users\bab\documents\visual studio 2015\projects\minesweeper.cpp(72): error C2228: left of '.mine' must have class/struct/union
c:\users\bab\documents\visual studio 2015\projects\minesweeper.cpp(75): error C2065: 'board': undeclared identifier
c:\users\bab\documents\visual studio 2015\projects\minesweeper.cpp(75): error C2228: left of '.mine' must have class/struct/union
c:\users\bab\documents\visual studio 2015\projects\minesweeper.cpp(80): error C2065: 'board': undeclared identifier
c:\users\bab\documents\visual studio 2015\projects\minesweeper.cpp(80): error C2228: left of '.size' must have class/struct/union
c:\users\bab\documents\visual studio 2015\projects\minesweeper.cpp(81): error C2065: 'board': undeclared identifier
c:\users\bab\documents\visual studio 2015\projects\minesweeper.cpp(81): error C2228: left of '.mine' must have class/struct/union
c:\users\bab\documents\visual studio 2015\projects\minesweeper.cpp(84): error C2065: 'board': undeclared identifier
c:\users\bab\documents\visual studio 2015\projects\minesweeper.cpp(84): error C2228: left of '.mine' must have class/struct/union
c:\users\bab\documents\visual studio 2015\projects\minesweeper.cpp(87): error C2065: 'board': undeclared identifier
c:\users\bab\documents\visual studio 2015\projects\minesweeper.cpp(87): error C2228: left of '.mine' must have class/struct/union
c:\users\bab\documents\visual studio 2015\projects\minesweeper.cpp(90): error C2065: 'board': undeclared identifier
c:\users\bab\documents\visual studio 2015\projects\minesweeper.cpp(90): error C2059: syntax error: 'constant'
c:\users\bab\documents\visual studio 2015\projects\minesweeper.cpp(90): error C2143: syntax error: missing ';' before '{'
c:\users\bab\documents\visual studio 2015\projects\minesweeper.cpp(93): error C2065: 'board': undeclared identifier
c:\users\bab\documents\visual studio 2015\projects\minesweeper.cpp(93): error C2228: left of '.mine' must have class/struct/union
c:\users\bab\documents\visual studio 2015\projects\minesweeper.cpp(99): error C2065: 'board': undeclared identifier
c:\users\bab\documents\visual studio 2015\projects\minesweeper.cpp(99): error C2228: left of '.mine' must have class/struct/union
c:\users\bab\documents\visual studio 2015\projects\minesweeper.cpp(102): error C2065: 'board': undeclared identifier
c:\users\bab\documents\visual studio 2015\projects\minesweeper.cpp(102): error C2228: left of '.mine' must have class/struct/union
c:\users\bab\documents\visual studio 2015\projects\minesweeper.cpp(105): error C2065: 'board': undeclared identifier
c:\users\bab\documents\visual studio 2015\projects\minesweeper.cpp(105): error C2059: syntax error: 'constant'
c:\users\bab\documents\visual studio 2015\projects\minesweeper.cpp(105): error C2143: syntax error: missing ';' before '{'
c:\users\bab\documents\visual studio 2015\projects\minesweeper.cpp(108): error C2065: 'board': undeclared identifier
c:\users\bab\documents\visual studio 2015\projects\minesweeper.cpp(108): error C2228: left of '.mine' must have class/struct/union
c:\users\bab\documents\visual studio 2015\projects\minesweeper.cpp(111): error C2065: 'board': undeclared identifier
c:\users\bab\documents\visual studio 2015\projects\minesweeper.cpp(111): error C2228: left of '.mine' must have class/struct/union
c:\users\bab\documents\visual studio 2015\projects\minesweeper.cpp(116): error C2065: 'board': undeclared identifier
c:\users\bab\documents\visual studio 2015\projects\minesweeper.cpp(116): error C2228: left of '.size' must have class/struct/union
  c:\users\bab\documents\visual studio 2015\projects\minesweeper.cpp(116): note: type is 'unknown-type'
c:\users\bab\documents\visual studio 2015\projects\minesweeper.cpp(117): error C2065: 'board': undeclared identifier
c:\users\bab\documents\visual studio 2015\projects\minesweeper.cpp(117): error C2228: left of '.mine' must have class/struct/union
c:\users\bab\documents\visual studio 2015\projects\minesweeper.cpp(120): error C2065: 'board': undeclared identifier
c:\users\bab\documents\visual studio 2015\projects\minesweeper.cpp(120): error C2228: left of '.mine' must have class/struct/union
c:\users\bab\documents\visual studio 2015\projects\minesweeper.cpp(123): error C2065: 'board': undeclared identifier
c:\users\bab\documents\visual studio 2015\projects\minesweeper.cpp(123): error C2228: left of '.mine' must have class/struct/union
c:\users\bab\documents\visual studio 2015\projects\minesweeper.cpp(126): error C2065: 'board': undeclared identifier
c:\users\bab\documents\visual studio 2015\projects\minesweeper.cpp(126): error C2228: left of '.mine' must have class/struct/union
c:\users\bab\documents\visual studio 2015\projects\minesweeper.cpp(129): error C2065: 'board': undeclared identifier
c:\users\bab\documents\visual studio 2015\projects\minesweeper.cpp(129): error C2228: left of '.mine' must have class/struct/union
c:\users\bab\documents\visual studio 2015\projects\minesweeper.cpp(134): error C2065: 'board': undeclared identifier
c:\users\bab\documents\visual studio 2015\projects\minesweeper.cpp(134): error C2228: left of '.mine' must have class/struct/union
c:\users\bab\documents\visual studio 2015\projects\minesweeper.cpp(137): error C2065: 'board': undeclared identifier
c:\users\bab\documents\visual studio 2015\projects\minesweeper.cpp(137): error C2228: left of '.mine' must have class/struct/union
c:\users\bab\documents\visual studio 2015\projects\minesweeper.cpp(140): error C2065: 'board': undeclared identifier
c:\users\bab\documents\visual studio 2015\projects\minesweeper.cpp(140): error C2228: left of '.mine' must have class/struct/union
c:\users\bab\documents\visual studio 2015\projects\minesweeper.cpp(143): error C2065: 'board': undeclared identifier
c:\users\bab\documents\visual studio 2015\projects\minesweeper.cpp(143): error C2228: left of '.mine' must have class/struct/union
c:\users\bab\documents\visual studio 2015\projects\minesweeper.cpp(146): error C2065: 'board': undeclared identifier
c:\users\bab\documents\visual studio 2015\projects\minesweeper.cpp(146): error C2228: left of '.mine' must have class/struct/union
c:\users\bab\documents\visual studio 2015\projects\minesweeper.cpp(149): error C2065: 'board': undeclared identifier
c:\users\bab\documents\visual studio 2015\projects\minesweeper.cpp(149): error C2228: left of '.mine' must have class/struct/union
c:\users\bab\documents\visual studio 2015\projects\minesweeper.cpp(152): error C2065: 'board': undeclared identifier
c:\users\bab\documents\visual studio 2015\projects\minesweeper.cpp(152): error C2228: left of '.mine' must have class/struct/union
c:\users\bab\documents\visual studio 2015\projects\minesweeper.cpp(155): error C2065: 'board': undeclared identifier
c:\users\bab\documents\visual studio 2015\projects\minesweeper.cpp(155): error C2228: left of '.mine' must have class/struct/union
c:\users\bab\documents\visual studio 2015\projects\minesweeper.cpp(58): fatal error C1075: the left brace '{' was unmatched at the end of the file
  Generating Code...
